2021-11-17T21:02:04.708883Z 0 [Warning] [MY-010915] [Server] 'NO_ZERO_DATE', 'NO_ZERO_IN_DATE' and 'ERROR_FOR_DIVISION_BY_ZERO' sql modes should be used with strict mode. They will be merged with strict mode in a future release.
2021-11-17T21:02:04.718086Z 0 [System] [MY-010116] [Server] D:\csharp_server\program\program\bin\Debug\net5.0\includes\mysql\mysql\bin\mysqld.exe (mysqld 8.0.27) starting as process 12460
2021-11-17T21:02:04.805358Z 1 [System] [MY-013576] [InnoDB] InnoDB initialization has started.
2021-11-17T21:02:06.206366Z 1 [System] [MY-013577] [InnoDB] InnoDB initialization has ended.
2021-11-17T21:02:08.653279Z 0 [Warning] [MY-013746] [Server] A deprecated TLS version TLSv1 is enabled for channel mysql_main
2021-11-17T21:02:08.698200Z 0 [Warning] [MY-013746] [Server] A deprecated TLS version TLSv1.1 is enabled for channel mysql_main
2021-11-17T21:02:08.700694Z 0 [Warning] [MY-010068] [Server] CA certificate ca.pem is self signed.
2021-11-17T21:02:08.701391Z 0 [System] [MY-013602] [Server] Channel mysql_main configured to support TLS. Encrypted connections are now supported for this channel.
2021-11-17T21:02:08.918422Z 0 [System] [MY-011323] [Server] X Plugin ready for connections. Bind-address: '::' port: 33060
2021-11-17T21:02:08.918897Z 0 [System] [MY-010931] [Server] D:\csharp_server\program\program\bin\Debug\net5.0\includes\mysql\mysql\bin\mysqld.exe: ready for connections. Version: '8.0.27'  socket: ''  port: 3306  MySQL Community Server - GPL.
2021-11-17T21:36:31.197347Z 0 [Warning] [MY-010915] [Server] 'NO_ZERO_DATE', 'NO_ZERO_IN_DATE' and 'ERROR_FOR_DIVISION_BY_ZERO' sql modes should be used with strict mode. They will be merged with strict mode in a future release.
2021-11-17T21:36:31.218936Z 0 [System] [MY-010116] [Server] D:\csharp_server\program\program\bin\Debug\net5.0\includes\mysql\mysql\bin\mysqld.exe (mysqld 8.0.27) starting as process 5412
2021-11-17T21:36:31.945087Z 1 [System] [MY-013576] [InnoDB] InnoDB initialization has started.
2021-11-17T21:36:33.913067Z 1 [System] [MY-013577] [InnoDB] InnoDB initialization has ended.
2021-11-17T21:36:36.497164Z 0 [System] [MY-010229] [Server] Starting XA crash recovery...
2021-11-17T21:36:36.506457Z 0 [System] [MY-010232] [Server] XA crash recovery finished.
2021-11-17T21:36:37.120553Z 0 [Warning] [MY-013746] [Server] A deprecated TLS version TLSv1 is enabled for channel mysql_main
2021-11-17T21:36:37.121212Z 0 [Warning] [MY-013746] [Server] A deprecated TLS version TLSv1.1 is enabled for channel mysql_main
2021-11-17T21:36:37.327487Z 0 [Warning] [MY-010068] [Server] CA certificate ca.pem is self signed.
2021-11-17T21:36:37.328484Z 0 [System] [MY-013602] [Server] Channel mysql_main configured to support TLS. Encrypted connections are now supported for this channel.
2021-11-17T21:36:37.572965Z 0 [System] [MY-010931] [Server] D:\csharp_server\program\program\bin\Debug\net5.0\includes\mysql\mysql\bin\mysqld.exe: ready for connections. Version: '8.0.27'  socket: ''  port: 3306  MySQL Community Server - GPL.
2021-11-17T21:36:37.573204Z 0 [System] [MY-011323] [Server] X Plugin ready for connections. Bind-address: '::' port: 33060
2021-11-17T21:42:58.572517Z 11 [System] [MY-013172] [Server] Received SHUTDOWN from user root. Shutting down mysqld (Version: 8.0.27).
2021-11-17T21:42:58.573387Z 0 [System] [MY-013105] [Server] D:\csharp_server\program\program\bin\Debug\net5.0\includes\mysql\mysql\bin\mysqld.exe: Normal shutdown.
2021-11-17T21:42:59.887346Z 0 [System] [MY-010910] [Server] D:\csharp_server\program\program\bin\Debug\net5.0\includes\mysql\mysql\bin\mysqld.exe: Shutdown complete (mysqld 8.0.27)  MySQL Community Server - GPL.
2021-11-22T20:43:51.783005Z 0 [Warning] [MY-010915] [Server] 'NO_ZERO_DATE', 'NO_ZERO_IN_DATE' and 'ERROR_FOR_DIVISION_BY_ZERO' sql modes should be used with strict mode. They will be merged with strict mode in a future release.
2021-11-22T20:43:51.812193Z 0 [System] [MY-010116] [Server] D:\csharp_server\program\program\bin\Debug\net5.0\includes\mysql\mysql\bin\mysqld.exe (mysqld 8.0.27) starting as process 5488
2021-11-22T20:43:52.409240Z 1 [System] [MY-013576] [InnoDB] InnoDB initialization has started.
2021-11-22T20:43:54.093951Z 1 [System] [MY-013577] [InnoDB] InnoDB initialization has ended.
2021-11-22T20:43:55.259266Z 0 [Warning] [MY-013746] [Server] A deprecated TLS version TLSv1 is enabled for channel mysql_main
2021-11-22T20:43:55.260046Z 0 [Warning] [MY-013746] [Server] A deprecated TLS version TLSv1.1 is enabled for channel mysql_main
2021-11-22T20:43:55.692111Z 0 [Warning] [MY-010068] [Server] CA certificate ca.pem is self signed.
2021-11-22T20:43:55.692789Z 0 [System] [MY-013602] [Server] Channel mysql_main configured to support TLS. Encrypted connections are now supported for this channel.
2021-11-22T20:43:55.833696Z 0 [System] [MY-011323] [Server] X Plugin ready for connections. Bind-address: '::' port: 33060
2021-11-22T20:43:55.834199Z 0 [System] [MY-010931] [Server] D:\csharp_server\program\program\bin\Debug\net5.0\includes\mysql\mysql\bin\mysqld.exe: ready for connections. Version: '8.0.27'  socket: ''  port: 3306  MySQL Community Server - GPL.
2021-11-22T21:05:43.205873Z 0 [Warning] [MY-010915] [Server] 'NO_ZERO_DATE', 'NO_ZERO_IN_DATE' and 'ERROR_FOR_DIVISION_BY_ZERO' sql modes should be used with strict mode. They will be merged with strict mode in a future release.
2021-11-22T21:05:43.230290Z 0 [System] [MY-010116] [Server] D:\csharp_server\program\program\bin\Debug\net5.0\includes\mysql\mysql\bin\mysqld.exe (mysqld 8.0.27) starting as process 5500
2021-11-22T21:05:43.853732Z 1 [System] [MY-013576] [InnoDB] InnoDB initialization has started.
2021-11-22T21:05:45.770550Z 1 [System] [MY-013577] [InnoDB] InnoDB initialization has ended.
2021-11-22T21:05:47.071022Z 0 [System] [MY-010229] [Server] Starting XA crash recovery...
2021-11-22T21:05:47.079828Z 0 [System] [MY-010232] [Server] XA crash recovery finished.
2021-11-22T21:05:47.573425Z 0 [Warning] [MY-013746] [Server] A deprecated TLS version TLSv1 is enabled for channel mysql_main
2021-11-22T21:05:47.574123Z 0 [Warning] [MY-013746] [Server] A deprecated TLS version TLSv1.1 is enabled for channel mysql_main
2021-11-22T21:05:47.692561Z 0 [Warning] [MY-010068] [Server] CA certificate ca.pem is self signed.
2021-11-22T21:05:47.693120Z 0 [System] [MY-013602] [Server] Channel mysql_main configured to support TLS. Encrypted connections are now supported for this channel.
2021-11-22T21:05:47.896859Z 0 [System] [MY-011323] [Server] X Plugin ready for connections. Bind-address: '::' port: 33060
2021-11-22T21:05:47.897177Z 0 [System] [MY-010931] [Server] D:\csharp_server\program\program\bin\Debug\net5.0\includes\mysql\mysql\bin\mysqld.exe: ready for connections. Version: '8.0.27'  socket: ''  port: 3306  MySQL Community Server - GPL.
2021-11-22T21:08:44.945996Z 0 [System] [MY-013105] [Server] D:\csharp_server\program\program\bin\Debug\net5.0\includes\mysql\mysql\bin\mysqld.exe: Normal shutdown.
2021-11-22T21:08:45.799996Z 0 [System] [MY-010910] [Server] D:\csharp_server\program\program\bin\Debug\net5.0\includes\mysql\mysql\bin\mysqld.exe: Shutdown complete (mysqld 8.0.27)  MySQL Community Server - GPL.
2021-11-22T21:09:20.709558Z 0 [Warning] [MY-010915] [Server] 'NO_ZERO_DATE', 'NO_ZERO_IN_DATE' and 'ERROR_FOR_DIVISION_BY_ZERO' sql modes should be used with strict mode. They will be merged with strict mode in a future release.
2021-11-22T21:09:20.734695Z 0 [System] [MY-010116] [Server] D:\csharp_server\program\program\bin\Debug\net5.0\includes\mysql\mysql\bin\mysqld.exe (mysqld 8.0.27) starting as process 5496
2021-11-22T21:09:21.376238Z 1 [System] [MY-013576] [InnoDB] InnoDB initialization has started.
2021-11-22T21:09:23.037135Z 1 [System] [MY-013577] [InnoDB] InnoDB initialization has ended.
2021-11-22T21:09:24.926155Z 0 [Warning] [MY-013746] [Server] A deprecated TLS version TLSv1 is enabled for channel mysql_main
2021-11-22T21:09:24.926933Z 0 [Warning] [MY-013746] [Server] A deprecated TLS version TLSv1.1 is enabled for channel mysql_main
2021-11-22T21:09:25.056037Z 0 [Warning] [MY-010068] [Server] CA certificate ca.pem is self signed.
2021-11-22T21:09:25.056688Z 0 [System] [MY-013602] [Server] Channel mysql_main configured to support TLS. Encrypted connections are now supported for this channel.
2021-11-22T21:09:25.344671Z 0 [System] [MY-011323] [Server] X Plugin ready for connections. Bind-address: '::' port: 33060
2021-11-22T21:09:25.344953Z 0 [System] [MY-010931] [Server] D:\csharp_server\program\program\bin\Debug\net5.0\includes\mysql\mysql\bin\mysqld.exe: ready for connections. Version: '8.0.27'  socket: ''  port: 3306  MySQL Community Server - GPL.
2021-11-22T21:32:31.483972Z 0 [Warning] [MY-010915] [Server] 'NO_ZERO_DATE', 'NO_ZERO_IN_DATE' and 'ERROR_FOR_DIVISION_BY_ZERO' sql modes should be used with strict mode. They will be merged with strict mode in a future release.
2021-11-22T21:32:31.510901Z 0 [System] [MY-010116] [Server] D:\csharp_server\program\program\bin\Debug\net5.0\includes\mysql\mysql\bin\mysqld.exe (mysqld 8.0.27) starting as process 4500
2021-11-22T21:32:32.232945Z 1 [System] [MY-013576] [InnoDB] InnoDB initialization has started.
2021-11-22T21:32:34.176278Z 1 [System] [MY-013577] [InnoDB] InnoDB initialization has ended.
2021-11-22T21:32:35.101325Z 0 [System] [MY-010229] [Server] Starting XA crash recovery...
2021-11-22T21:32:35.125469Z 0 [System] [MY-010232] [Server] XA crash recovery finished.
2021-11-22T21:32:35.878666Z 0 [Warning] [MY-013746] [Server] A deprecated TLS version TLSv1 is enabled for channel mysql_main
2021-11-22T21:32:35.879349Z 0 [Warning] [MY-013746] [Server] A deprecated TLS version TLSv1.1 is enabled for channel mysql_main
2021-11-22T21:32:36.027431Z 0 [Warning] [MY-010068] [Server] CA certificate ca.pem is self signed.
2021-11-22T21:32:36.028085Z 0 [System] [MY-013602] [Server] Channel mysql_main configured to support TLS. Encrypted connections are now supported for this channel.
2021-11-22T21:32:36.861108Z 0 [System] [MY-010931] [Server] D:\csharp_server\program\program\bin\Debug\net5.0\includes\mysql\mysql\bin\mysqld.exe: ready for connections. Version: '8.0.27'  socket: ''  port: 3306  MySQL Community Server - GPL.
2021-11-22T21:32:36.861258Z 0 [System] [MY-011323] [Server] X Plugin ready for connections. Bind-address: '::' port: 33060
2021-11-23T04:03:43.399723Z 0 [Warning] [MY-010915] [Server] 'NO_ZERO_DATE', 'NO_ZERO_IN_DATE' and 'ERROR_FOR_DIVISION_BY_ZERO' sql modes should be used with strict mode. They will be merged with strict mode in a future release.
2021-11-23T04:03:43.438213Z 0 [System] [MY-010116] [Server] D:\csharp_server\program\program\bin\Debug\net5.0\includes\mysql\mysql\bin\mysqld.exe (mysqld 8.0.27) starting as process 3880
2021-11-23T04:03:44.007021Z 1 [System] [MY-013576] [InnoDB] InnoDB initialization has started.
2021-11-23T04:03:45.748925Z 1 [System] [MY-013577] [InnoDB] InnoDB initialization has ended.
2021-11-23T04:03:47.035746Z 0 [System] [MY-010229] [Server] Starting XA crash recovery...
2021-11-23T04:03:47.046837Z 0 [System] [MY-010232] [Server] XA crash recovery finished.
2021-11-23T04:03:47.561959Z 0 [Warning] [MY-013746] [Server] A deprecated TLS version TLSv1 is enabled for channel mysql_main
2021-11-23T04:03:47.562823Z 0 [Warning] [MY-013746] [Server] A deprecated TLS version TLSv1.1 is enabled for channel mysql_main
2021-11-23T04:03:47.712667Z 0 [Warning] [MY-010068] [Server] CA certificate ca.pem is self signed.
2021-11-23T04:03:47.713347Z 0 [System] [MY-013602] [Server] Channel mysql_main configured to support TLS. Encrypted connections are now supported for this channel.
